Build started 2019-03-12 14:52:23.
     1>Project "C:\Users\lsnazer\Downloads\stuff\things\Testing\UnitTesting\UnitTesting.vcxproj" on node 2 (Build target(s)).
     1>ClCompile:
         C:\Program Files (x86)\Microsoft Visual Studio 11.0\VC\bin\CL.exe /c /IC:\CAE\Pkg\gmock_ver\1.7.15.0\ms80_32\include /IC:\CAE\Pkg\gtest_ver\1.7.18.0\ms80_32\include /ZI /nologo /W3 /WX- /sdl /Od /Oy- /D _VARIADIC_MAX=10 /D _MBCS /Gm /EHsc /RTC1 /MDd /GS /fp:precise /Zc:wchar_t /Zc:forScope /Fo"Debug\\" /Fd"Debug\vc110.pdb" /Gd /TP /analyze- /errorReport:prompt main.cpp
         main.cpp
       Link:
         C:\Program Files (x86)\Microsoft Visual Studio 11.0\VC\bin\link.exe /ERRORREPORT:PROMPT /OUT:"C:\Users\lsnazer\Downloads\stuff\things\Testing\Debug\UnitTesting.exe" /INCREMENTAL /NOLOGO /LIBPATH:C:\CAE\Pkg\gmock_ver\1.7.15.0\ms80_32\lib /LIBPATH:C:\CAE\Pkg\gtest_ver\1.7.18.0\ms80_32\lib kernel32.lib user32.lib gdi32.lib winspool.lib comdlg32.lib advapi32.lib shell32.lib ole32.lib oleaut32.lib uuid.lib odbc32.lib odbccp32.lib /MANIFEST /MANIFESTUAC:"level='asInvoker' uiAccess='false'" /manifest:embed /DEBUG /PDB:"C:\Users\lsnazer\Downloads\stuff\things\Testing\Debug\UnitTesting.pdb" /TLBID:1 /DYNAMICBASE /NXCOMPAT /IMPLIB:"C:\Users\lsnazer\Downloads\stuff\things\Testing\Debug\UnitTesting.lib" /MACHINE:X86 Debug\main.obj
     1>main.obj : error LNK2019: unresolved external symbol "class std::basic_string<char,struct std::char_traits<char>,class std::allocator<char> > __cdecl testing::internal::FormatFileLocation(char const *,int)" (?FormatFileLocation@internal@testing@@YA?AV?$basic_string@DU?$char_traits@D@std@@V?$allocator@D@2@@std@@PBDH@Z) referenced in function "private: void __thiscall testing::internal::FunctionMockerBase<class std::basic_string<char,struct std::char_traits<char>,class std::allocator<char> > __cdecl(void)>::DescribeDefaultActionTo(class std::tuple<struct std::_Nil,struct std::_Nil,struct std::_Nil,struct std::_Nil,struct std::_Nil,struct std::_Nil,struct std::_Nil,struct std::_Nil,struct std::_Nil,struct std::_Nil,struct std::_Nil,struct std::_Nil,struct std::_Nil> const &,class std::basic_ostream<char,struct std::char_traits<char> > *)const " (?DescribeDefaultActionTo@?$FunctionMockerBase@$$A6A?AV?$basic_string@DU?$char_traits@D@std@@V?$allocator@D@2@@std@@XZ@internal@testing@@ABEXABV?$tuple@U_Nil@std@@U12@U12@U12@U12@U12@U12@U12@U12@U12@U12@U12@U12@@std@@PAV?$basic_ostream@DU?$char_traits@D@std@@@5@@Z)
     1>main.obj : error LNK2019: unresolved external symbol "void const * __cdecl testing::internal::GetTestTypeId(void)" (?GetTestTypeId@internal@testing@@YAPBXXZ) referenced in function "void __cdecl `dynamic initializer for 'private: static class testing::TestInfo * BBTest_DefaultStuff_Test::test_info_''(void)" (??__E?test_info_@BBTest_DefaultStuff_Test@@0QAVTestInfo@testing@@A@@YAXXZ)
     1>main.obj : error LNK2019: unresolved external symbol "class testing::TestInfo * __cdecl testing::internal::MakeAndRegisterTestInfo(char const *,char const *,char const *,char const *,void const *,void (__cdecl*)(void),void (__cdecl*)(void),class testing::internal::TestFactoryBase *)" (?MakeAndRegisterTestInfo@internal@testing@@YAPAVTestInfo@2@PBD000PBXP6AXXZ2PAVTestFactoryBase@12@@Z) referenced in function "void __cdecl `dynamic initializer for 'private: static class testing::TestInfo * BBTest_DefaultStuff_Test::test_info_''(void)" (??__E?test_info_@BBTest_DefaultStuff_Test@@0QAVTestInfo@testing@@A@@YAXXZ)
     1>main.obj : error LNK2019: unresolved external symbol "void __cdecl testing::internal::PrintStringTo(class std::basic_string<char,struct std::char_traits<char>,class std::allocator<char> > const &,class std::basic_ostream<char,struct std::char_traits<char> > *)" (?PrintStringTo@internal@testing@@YAXABV?$basic_string@DU?$char_traits@D@std@@V?$allocator@D@2@@std@@PAV?$basic_ostream@DU?$char_traits@D@std@@@4@@Z) referenced in function "void __cdecl testing::internal::PrintTo(class std::basic_string<char,struct std::char_traits<char>,class std::allocator<char> > const &,class std::basic_ostream<char,struct std::char_traits<char> > *)" (?PrintTo@internal@testing@@YAXABV?$basic_string@DU?$char_traits@D@std@@V?$allocator@D@2@@std@@PAV?$basic_ostream@DU?$char_traits@D@std@@@4@@Z)
     1>main.obj : error LNK2019: unresolved external symbol "public: virtual __thiscall testing::Test::~Test(void)" (??1Test@testing@@UAE@XZ) referenced in function "public: virtual __thiscall BBTest_DefaultStuff_Test::~BBTest_DefaultStuff_Test(void)" (??1BBTest_DefaultStuff_Test@@UAE@XZ)
     1>main.obj : error LNK2019: unresolved external symbol "protected: __thiscall testing::Test::Test(void)" (??0Test@testing@@IAE@XZ) referenced in function "public: __thiscall BBTest_DefaultStuff_Test::BBTest_DefaultStuff_Test(void)" (??0BBTest_DefaultStuff_Test@@QAE@XZ)
     1>main.obj : error LNK2001: unresolved external symbol "protected: virtual void __thiscall testing::Test::SetUp(void)" (?SetUp@Test@testing@@MAEXXZ)
     1>main.obj : error LNK2001: unresolved external symbol "protected: virtual void __thiscall testing::Test::TearDown(void)" (?TearDown@Test@testing@@MAEXXZ)
     1>main.obj : error LNK2019: unresolved external symbol "public: static class testing::UnitTest * __cdecl testing::UnitTest::GetInstance(void)" (?GetInstance@UnitTest@testing@@SAPAV12@XZ) referenced in function "int __cdecl RUN_ALL_TESTS(void)" (?RUN_ALL_TESTS@@YAHXZ)
     1>main.obj : error LNK2019: unresolved external symbol "public: int __thiscall testing::UnitTest::Run(void)" (?Run@UnitTest@testing@@QAEHXZ) referenced in function "int __cdecl RUN_ALL_TESTS(void)" (?RUN_ALL_TESTS@@YAHXZ)
     1>main.obj : error LNK2019: unresolved external symbol "void __cdecl testing::InitGoogleTest(int *,char * *)" (?InitGoogleTest@testing@@YAXPAHPAPAD@Z) referenced in function _main
     1>main.obj : error LNK2019: unresolved external symbol "class testing::internal::FailureReporterInterface * __cdecl testing::internal::GetFailureReporter(void)" (?GetFailureReporter@internal@testing@@YAPAVFailureReporterInterface@12@XZ) referenced in function "void __cdecl testing::internal::Assert(bool,char const *,int,class std::basic_string<char,struct std::char_traits<char>,class std::allocator<char> > const &)" (?Assert@internal@testing@@YAX_NPBDHABV?$basic_string@DU?$char_traits@D@std@@V?$allocator@D@2@@std@@@Z)
     1>main.obj : error LNK2019: unresolved external symbol "void __cdecl testing::internal::Log(enum testing::internal::LogSeverity,class std::basic_string<char,struct std::char_traits<char>,class std::allocator<char> > const &,int)" (?Log@internal@testing@@YAXW4LogSeverity@12@ABV?$basic_string@DU?$char_traits@D@std@@V?$allocator@D@2@@std@@H@Z) referenced in function "private: class testing::Action<class std::basic_string<char,struct std::char_traits<char>,class std::allocator<char> > __cdecl(void)> const & __thiscall testing::internal::TypedExpectation<class std::basic_string<char,struct std::char_traits<char>,class std::allocator<char> > __cdecl(void)>::GetCurrentAction(class testing::internal::FunctionMockerBase<class std::basic_string<char,struct std::char_traits<char>,class std::allocator<char> > __cdecl(void)> const *,class std::tuple<struct std::_Nil,struct std::_Nil,struct std::_Nil,struct std::_Nil,struct std::_Nil,struct std::_Nil,struct std::_Nil,struct std::_Nil,struct std::_Nil,struct std::_Nil,struct std::_Nil,struct std::_Nil,struct std::_Nil> const &)const " (?GetCurrentAction@?$TypedExpectation@$$A6A?AV?$basic_string@DU?$char_traits@D@std@@V?$allocator@D@2@@std@@XZ@internal@testing@@ABEABV?$Action@$$A6A?AV?$basic_string@DU?$char_traits@D@std@@V?$allocator@D@2@@std@@XZ@3@PBV?$FunctionMockerBase@$$A6A?AV?$basic_string@DU?$char_traits@D@std@@V?$allocator@D@2@@std@@XZ@23@ABV?$tuple@U_Nil@std@@U12@U12@U12@U12@U12@U12@U12@U12@U12@U12@U12@U12@@std@@@Z)
     1>main.obj : error LNK2019: unresolved external symbol "class testing::Cardinality __cdecl testing::Exactly(int)" (?Exactly@testing@@YA?AVCardinality@1@H@Z) referenced in function "public: class testing::internal::TypedExpectation<void __cdecl(void)> & __thiscall testing::internal::TypedExpectation<void __cdecl(void)>::WillOnce(class testing::Action<void __cdecl(void)> const &)" (?WillOnce@?$TypedExpectation@$$A6AXXZ@internal@testing@@QAEAAV123@ABV?$Action@$$A6AXXZ@3@@Z)
     1>main.obj : error LNK2019: unresolved external symbol "public: __thiscall testing::internal::UntypedFunctionMockerBase::UntypedFunctionMockerBase(void)" (??0UntypedFunctionMockerBase@internal@testing@@QAE@XZ) referenced in function "public: __thiscall testing::internal::FunctionMockerBase<class std::basic_string<char,struct std::char_traits<char>,class std::allocator<char> > __cdecl(void)>::FunctionMockerBase<class std::basic_string<char,struct std::char_traits<char>,class std::allocator<char> > __cdecl(void)>(void)" (??0?$FunctionMockerBase@$$A6A?AV?$basic_string@DU?$char_traits@D@std@@V?$allocator@D@2@@std@@XZ@internal@testing@@QAE@XZ)
     1>main.obj : error LNK2019: unresolved external symbol "public: virtual __thiscall testing::internal::UntypedFunctionMockerBase::~UntypedFunctionMockerBase(void)" (??1UntypedFunctionMockerBase@internal@testing@@UAE@XZ) referenced in function __unwindfunclet$??0?$FunctionMockerBase@$$A6A?AV?$basic_string@DU?$char_traits@D@std@@V?$allocator@D@2@@std@@XZ@internal@testing@@QAE@XZ$0
     1>main.obj : error LNK2019: unresolved external symbol "public: bool __thiscall testing::internal::UntypedFunctionMockerBase::VerifyAndClearExpectationsLocked(void)" (?VerifyAndClearExpectationsLocked@UntypedFunctionMockerBase@internal@testing@@QAE_NXZ) referenced in function "public: virtual __thiscall testing::internal::FunctionMockerBase<class std::basic_string<char,struct std::char_traits<char>,class std::allocator<char> > __cdecl(void)>::~FunctionMockerBase<class std::basic_string<char,struct std::char_traits<char>,class std::allocator<char> > __cdecl(void)>(void)" (??1?$FunctionMockerBase@$$A6A?AV?$basic_string@DU?$char_traits@D@std@@V?$allocator@D@2@@std@@XZ@internal@testing@@UAE@XZ)
     1>main.obj : error LNK2019: unresolved external symbol "public: void __thiscall testing::internal::UntypedFunctionMockerBase::RegisterOwner(void const *)" (?RegisterOwner@UntypedFunctionMockerBase@internal@testing@@QAEXPBX@Z) referenced in function "public: class testing::internal::MockSpec<void __cdecl(void)> & __thiscall MockBB::gmock_changeLMAO(void)" (?gmock_changeLMAO@MockBB@@QAEAAV?$MockSpec@$$A6AXXZ@internal@testing@@XZ)
     1>main.obj : error LNK2019: unresolved external symbol "public: void __thiscall testing::internal::UntypedFunctionMockerBase::SetOwnerAndName(void const *,char const *)" (?SetOwnerAndName@UntypedFunctionMockerBase@internal@testing@@QAEXPBXPBD@Z) referenced in function "public: virtual void __thiscall MockBB::changeLMAO(void)" (?changeLMAO@MockBB@@UAEXXZ)
     1>main.obj : error LNK2019: unresolved external symbol "public: void const * __thiscall testing::internal::UntypedFunctionMockerBase::MockObject(void)const " (?MockObject@UntypedFunctionMockerBase@internal@testing@@QBEPBXXZ) referenced in function "protected: class testing::internal::TypedExpectation<void __cdecl(void)> & __thiscall testing::internal::FunctionMockerBase<void __cdecl(void)>::AddNewExpectation(char const *,int,class std::basic_string<char,struct std::char_traits<char>,class std::allocator<char> > const &,class std::tuple<struct std::_Nil,struct std::_Nil,struct std::_Nil,struct std::_Nil,struct std::_Nil,struct std::_Nil,struct std::_Nil,struct std::_Nil,struct std::_Nil,struct std::_Nil,struct std::_Nil,struct std::_Nil,struct std::_Nil> const &)" (?AddNewExpectation@?$FunctionMockerBase@$$A6AXXZ@internal@testing@@IAEAAV?$TypedExpectation@$$A6AXXZ@23@PBDHABV?$basic_string@DU?$char_traits@D@std@@V?$allocator@D@2@@std@@ABV?$tuple@U_Nil@std@@U12@U12@U12@U12@U12@U12@U12@U12@U12@U12@U12@U12@@6@@Z)
     1>main.obj : error LNK2019: unresolved external symbol "public: char const * __thiscall testing::internal::UntypedFunctionMockerBase::Name(void)const " (?Name@UntypedFunctionMockerBase@internal@testing@@QBEPBDXZ) referenced in function "private: virtual void __thiscall testing::internal::FunctionMockerBase<class std::basic_string<char,struct std::char_traits<char>,class std::allocator<char> > __cdecl(void)>::UntypedDescribeUninterestingCall(void const *,class std::basic_ostream<char,struct std::char_traits<char> > *)const " (?UntypedDescribeUninterestingCall@?$FunctionMockerBase@$$A6A?AV?$basic_string@DU?$char_traits@D@std@@V?$allocator@D@2@@std@@XZ@internal@testing@@EBEXPBXPAV?$basic_ostream@DU?$char_traits@D@std@@@std@@@Z)
     1>main.obj : error LNK2019: unresolved external symbol "public: class testing::internal::UntypedActionResultHolderBase const * __thiscall testing::internal::UntypedFunctionMockerBase::UntypedInvokeWith(void const *)" (?UntypedInvokeWith@UntypedFunctionMockerBase@internal@testing@@QAEPBVUntypedActionResultHolderBase@23@PBX@Z) referenced in function "protected: class std::basic_string<char,struct std::char_traits<char>,class std::allocator<char> > __thiscall testing::internal::FunctionMockerBase<class std::basic_string<char,struct std::char_traits<char>,class std::allocator<char> > __cdecl(void)>::InvokeWith(class std::tuple<struct std::_Nil,struct std::_Nil,struct std::_Nil,struct std::_Nil,struct std::_Nil,struct std::_Nil,struct std::_Nil,struct std::_Nil,struct std::_Nil,struct std::_Nil,struct std::_Nil,struct std::_Nil,struct std::_Nil> const &)" (?InvokeWith@?$FunctionMockerBase@$$A6A?AV?$basic_string@DU?$char_traits@D@std@@V?$allocator@D@2@@std@@XZ@internal@testing@@IAE?AV?$basic_string@DU?$char_traits@D@std@@V?$allocator@D@2@@std@@ABV?$tuple@U_Nil@std@@U12@U12@U12@U12@U12@U12@U12@U12@U12@U12@U12@U12@@5@@Z)
     1>main.obj : error LNK2019: unresolved external symbol "protected: class testing::Expectation __thiscall testing::internal::UntypedFunctionMockerBase::GetHandleOf(class testing::internal::ExpectationBase *)" (?GetHandleOf@UntypedFunctionMockerBase@internal@testing@@IAE?AVExpectation@3@PAVExpectationBase@23@@Z) referenced in function "private: virtual class testing::Expectation __thiscall testing::internal::TypedExpectation<void __cdecl(void)>::GetHandle(void)" (?GetHandle@?$TypedExpectation@$$A6AXXZ@internal@testing@@EAE?AVExpectation@3@XZ)
     1>main.obj : error LNK2019: unresolved external symbol "private: static void __cdecl testing::Mock::RegisterUseByOnCallOrExpectCall(void const *,char const *,int)" (?RegisterUseByOnCallOrExpectCall@Mock@testing@@CAXPBXPBDH@Z) referenced in function "protected: class testing::internal::TypedExpectation<void __cdecl(void)> & __thiscall testing::internal::FunctionMockerBase<void __cdecl(void)>::AddNewExpectation(char const *,int,class std::basic_string<char,struct std::char_traits<char>,class std::allocator<char> > const &,class std::tuple<struct std::_Nil,struct std::_Nil,struct std::_Nil,struct std::_Nil,struct std::_Nil,struct std::_Nil,struct std::_Nil,struct std::_Nil,struct std::_Nil,struct std::_Nil,struct std::_Nil,struct std::_Nil,struct std::_Nil> const &)" (?AddNewExpectation@?$FunctionMockerBase@$$A6AXXZ@internal@testing@@IAEAAV?$TypedExpectation@$$A6AXXZ@23@PBDHABV?$basic_string@DU?$char_traits@D@std@@V?$allocator@D@2@@std@@ABV?$tuple@U_Nil@std@@U12@U12@U12@U12@U12@U12@U12@U12@U12@U12@U12@U12@@6@@Z)
     1>main.obj : error LNK2019: unresolved external symbol "private: static void __cdecl testing::Mock::UnregisterLocked(class testing::internal::UntypedFunctionMockerBase *)" (?UnregisterLocked@Mock@testing@@CAXPAVUntypedFunctionMockerBase@internal@2@@Z) referenced in function "public: virtual __thiscall testing::internal::FunctionMockerBase<class std::basic_string<char,struct std::char_traits<char>,class std::allocator<char> > __cdecl(void)>::~FunctionMockerBase<class std::basic_string<char,struct std::char_traits<char>,class std::allocator<char> > __cdecl(void)>(void)" (??1?$FunctionMockerBase@$$A6A?AV?$basic_string@DU?$char_traits@D@std@@V?$allocator@D@2@@std@@XZ@internal@testing@@UAE@XZ)
     1>main.obj : error LNK2019: unresolved external symbol "public: __thiscall testing::Expectation::~Expectation(void)" (??1Expectation@testing@@QAE@XZ) referenced in function "public: void * __thiscall testing::Expectation::`scalar deleting destructor'(unsigned int)" (??_GExpectation@testing@@QAEPAXI@Z)
     1>main.obj : error LNK2019: unresolved external symbol "private: __thiscall testing::Expectation::Expectation(class testing::internal::linked_ptr<class testing::internal::ExpectationBase> const &)" (??0Expectation@testing@@AAE@ABV?$linked_ptr@VExpectationBase@internal@testing@@@internal@1@@Z) referenced in function "protected: class testing::internal::TypedExpectation<void __cdecl(void)> & __thiscall testing::internal::FunctionMockerBase<void __cdecl(void)>::AddNewExpectation(char const *,int,class std::basic_string<char,struct std::char_traits<char>,class std::allocator<char> > const &,class std::tuple<struct std::_Nil,struct std::_Nil,struct std::_Nil,struct std::_Nil,struct std::_Nil,struct std::_Nil,struct std::_Nil,struct std::_Nil,struct std::_Nil,struct std::_Nil,struct std::_Nil,struct std::_Nil,struct std::_Nil> const &)" (?AddNewExpectation@?$FunctionMockerBase@$$A6AXXZ@internal@testing@@IAEAAV?$TypedExpectation@$$A6AXXZ@23@PBDHABV?$basic_string@DU?$char_traits@D@std@@V?$allocator@D@2@@std@@ABV?$tuple@U_Nil@std@@U12@U12@U12@U12@U12@U12@U12@U12@U12@U12@U12@U12@@6@@Z)
     1>main.obj : error LNK2019: unresolved external symbol "public: void __thiscall testing::Sequence::AddExpectation(class testing::Expectation const &)const " (?AddExpectation@Sequence@testing@@QBEXABVExpectation@2@@Z) referenced in function "protected: class testing::internal::TypedExpectation<void __cdecl(void)> & __thiscall testing::internal::FunctionMockerBase<void __cdecl(void)>::AddNewExpectation(char const *,int,class std::basic_string<char,struct std::char_traits<char>,class std::allocator<char> > const &,class std::tuple<struct std::_Nil,struct std::_Nil,struct std::_Nil,struct std::_Nil,struct std::_Nil,struct std::_Nil,struct std::_Nil,struct std::_Nil,struct std::_Nil,struct std::_Nil,struct std::_Nil,struct std::_Nil,struct std::_Nil> const &)" (?AddNewExpectation@?$FunctionMockerBase@$$A6AXXZ@internal@testing@@IAEAAV?$TypedExpectation@$$A6AXXZ@23@PBDHABV?$basic_string@DU?$char_traits@D@std@@V?$allocator@D@2@@std@@ABV?$tuple@U_Nil@std@@U12@U12@U12@U12@U12@U12@U12@U12@U12@U12@U12@U12@@6@@Z)
     1>main.obj : error LNK2019: unresolved external symbol "public: __thiscall testing::internal::ExpectationBase::ExpectationBase(char const *,int,class std::basic_string<char,struct std::char_traits<char>,class std::allocator<char> > const &)" (??0ExpectationBase@internal@testing@@QAE@PBDHABV?$basic_string@DU?$char_traits@D@std@@V?$allocator@D@2@@std@@@Z) referenced in function "public: __thiscall testing::internal::TypedExpectation<void __cdecl(void)>::TypedExpectation<void __cdecl(void)>(class testing::internal::FunctionMockerBase<void __cdecl(void)> *,char const *,int,class std::basic_string<char,struct std::char_traits<char>,class std::allocator<char> > const &,class std::tuple<struct std::_Nil,struct std::_Nil,struct std::_Nil,struct std::_Nil,struct std::_Nil,struct std::_Nil,struct std::_Nil,struct std::_Nil,struct std::_Nil,struct std::_Nil,struct std::_Nil,struct std::_Nil,struct std::_Nil> const &)" (??0?$TypedExpectation@$$A6AXXZ@internal@testing@@QAE@PAV?$FunctionMockerBase@$$A6AXXZ@12@PBDHABV?$basic_string@DU?$char_traits@D@std@@V?$allocator@D@2@@std@@ABV?$tuple@U_Nil@std@@U12@U12@U12@U12@U12@U12@U12@U12@U12@U12@U12@U12@@5@@Z)
     1>main.obj : error LNK2019: unresolved external symbol "public: virtual __thiscall testing::internal::ExpectationBase::~ExpectationBase(void)" (??1ExpectationBase@internal@testing@@UAE@XZ) referenced in function __unwindfunclet$??0?$TypedExpectation@$$A6AXXZ@internal@testing@@QAE@PAV?$FunctionMockerBase@$$A6AXXZ@12@PBDHABV?$basic_string@DU?$char_traits@D@std@@V?$allocator@D@2@@std@@ABV?$tuple@U_Nil@std@@U12@U12@U12@U12@U12@U12@U12@U12@U12@U12@U12@U12@@5@@Z$0
     1>main.obj : error LNK2019: unresolved external symbol "public: void __thiscall testing::internal::ExpectationBase::DescribeCallCountTo(class std::basic_ostream<char,struct std::char_traits<char> > *)const " (?DescribeCallCountTo@ExpectationBase@internal@testing@@QBEXPAV?$basic_ostream@DU?$char_traits@D@std@@@std@@@Z) referenced in function "private: class testing::Action<class std::basic_string<char,struct std::char_traits<char>,class std::allocator<char> > __cdecl(void)> const * __thiscall testing::internal::TypedExpectation<class std::basic_string<char,struct std::char_traits<char>,class std::allocator<char> > __cdecl(void)>::GetActionForArguments(class testing::internal::FunctionMockerBase<class std::basic_string<char,struct std::char_traits<char>,class std::allocator<char> > __cdecl(void)> const *,class std::tuple<struct std::_Nil,struct std::_Nil,struct std::_Nil,struct std::_Nil,struct std::_Nil,struct std::_Nil,struct std::_Nil,struct std::_Nil,struct std::_Nil,struct std::_Nil,struct std::_Nil,struct std::_Nil,struct std::_Nil> const &,class std::basic_ostream<char,struct std::char_traits<char> > *,class std::basic_ostream<char,struct std::char_traits<char> > *)" (?GetActionForArguments@?$TypedExpectation@$$A6A?AV?$basic_string@DU?$char_traits@D@std@@V?$allocator@D@2@@std@@XZ@internal@testing@@AAEPBV?$Action@$$A6A?AV?$basic_string@DU?$char_traits@D@std@@V?$allocator@D@2@@std@@XZ@3@PBV?$FunctionMockerBase@$$A6A?AV?$basic_string@DU?$char_traits@D@std@@V?$allocator@D@2@@std@@XZ@23@ABV?$tuple@U_Nil@std@@U12@U12@U12@U12@U12@U12@U12@U12@U12@U12@U12@U12@@std@@PAV?$basic_ostream@DU?$char_traits@D@std@@@7@2@Z)
     1>main.obj : error LNK2019: unresolved external symbol "protected: void __thiscall testing::internal::ExpectationBase::RetireAllPreRequisites(void)" (?RetireAllPreRequisites@ExpectationBase@internal@testing@@IAEXXZ) referenced in function "private: class testing::Action<class std::basic_string<char,struct std::char_traits<char>,class std::allocator<char> > __cdecl(void)> const * __thiscall testing::internal::TypedExpectation<class std::basic_string<char,struct std::char_traits<char>,class std::allocator<char> > __cdecl(void)>::GetActionForArguments(class testing::internal::FunctionMockerBase<class std::basic_string<char,struct std::char_traits<char>,class std::allocator<char> > __cdecl(void)> const *,class std::tuple<struct std::_Nil,struct std::_Nil,struct std::_Nil,struct std::_Nil,struct std::_Nil,struct std::_Nil,struct std::_Nil,struct std::_Nil,struct std::_Nil,struct std::_Nil,struct std::_Nil,struct std::_Nil,struct std::_Nil> const &,class std::basic_ostream<char,struct std::char_traits<char> > *,class std::basic_ostream<char,struct std::char_traits<char> > *)" (?GetActionForArguments@?$TypedExpectation@$$A6A?AV?$basic_string@DU?$char_traits@D@std@@V?$allocator@D@2@@std@@XZ@internal@testing@@AAEPBV?$Action@$$A6A?AV?$basic_string@DU?$char_traits@D@std@@V?$allocator@D@2@@std@@XZ@3@PBV?$FunctionMockerBase@$$A6A?AV?$basic_string@DU?$char_traits@D@std@@V?$allocator@D@2@@std@@XZ@23@ABV?$tuple@U_Nil@std@@U12@U12@U12@U12@U12@U12@U12@U12@U12@U12@U12@U12@@std@@PAV?$basic_ostream@DU?$char_traits@D@std@@@7@2@Z)
     1>main.obj : error LNK2019: unresolved external symbol "protected: bool __thiscall testing::internal::ExpectationBase::AllPrerequisitesAreSatisfied(void)const " (?AllPrerequisitesAreSatisfied@ExpectationBase@internal@testing@@IBE_NXZ) referenced in function "private: void __thiscall testing::internal::TypedExpectation<class std::basic_string<char,struct std::char_traits<char>,class std::allocator<char> > __cdecl(void)>::ExplainMatchResultTo(class std::tuple<struct std::_Nil,struct std::_Nil,struct std::_Nil,struct std::_Nil,struct std::_Nil,struct std::_Nil,struct std::_Nil,struct std::_Nil,struct std::_Nil,struct std::_Nil,struct std::_Nil,struct std::_Nil,struct std::_Nil> const &,class std::basic_ostream<char,struct std::char_traits<char> > *)const " (?ExplainMatchResultTo@?$TypedExpectation@$$A6A?AV?$basic_string@DU?$char_traits@D@std@@V?$allocator@D@2@@std@@XZ@internal@testing@@ABEXABV?$tuple@U_Nil@std@@U12@U12@U12@U12@U12@U12@U12@U12@U12@U12@U12@U12@@std@@PAV?$basic_ostream@DU?$char_traits@D@std@@@5@@Z)
     1>main.obj : error LNK2019: unresolved external symbol "protected: void __thiscall testing::internal::ExpectationBase::FindUnsatisfiedPrerequisites(class testing::ExpectationSet *)const " (?FindUnsatisfiedPrerequisites@ExpectationBase@internal@testing@@IBEXPAVExpectationSet@3@@Z) referenced in function "private: void __thiscall testing::internal::TypedExpectation<class std::basic_string<char,struct std::char_traits<char>,class std::allocator<char> > __cdecl(void)>::ExplainMatchResultTo(class std::tuple<struct std::_Nil,struct std::_Nil,struct std::_Nil,struct std::_Nil,struct std::_Nil,struct std::_Nil,struct std::_Nil,struct std::_Nil,struct std::_Nil,struct std::_Nil,struct std::_Nil,struct std::_Nil,struct std::_Nil> const &,class std::basic_ostream<char,struct std::char_traits<char> > *)const " (?ExplainMatchResultTo@?$TypedExpectation@$$A6A?AV?$basic_string@DU?$char_traits@D@std@@V?$allocator@D@2@@std@@XZ@internal@testing@@ABEXABV?$tuple@U_Nil@std@@U12@U12@U12@U12@U12@U12@U12@U12@U12@U12@U12@U12@@std@@PAV?$basic_ostream@DU?$char_traits@D@std@@@5@@Z)
     1>main.obj : error LNK2019: unresolved external symbol "protected: void __thiscall testing::internal::ExpectationBase::CheckActionCountIfNotDone(void)const " (?CheckActionCountIfNotDone@ExpectationBase@internal@testing@@IBEXXZ) referenced in function "public: virtual __thiscall testing::internal::TypedExpectation<void __cdecl(void)>::~TypedExpectation<void __cdecl(void)>(void)" (??1?$TypedExpectation@$$A6AXXZ@internal@testing@@UAE@XZ)
     1>main.obj : error LNK2019: unresolved external symbol "void __cdecl testing::internal::LogWithLocation(enum testing::internal::LogSeverity,char const *,int,class std::basic_string<char,struct std::char_traits<char>,class std::allocator<char> > const &)" (?LogWithLocation@internal@testing@@YAXW4LogSeverity@12@PBDHABV?$basic_string@DU?$char_traits@D@std@@V?$allocator@D@2@@std@@@Z) referenced in function "public: class testing::internal::TypedExpectation<void __cdecl(void)> & __thiscall testing::internal::MockSpec<void __cdecl(void)>::InternalExpectedAt(char const *,int,char const *,char const *)" (?InternalExpectedAt@?$MockSpec@$$A6AXXZ@internal@testing@@QAEAAV?$TypedExpectation@$$A6AXXZ@23@PBDH00@Z)
     1>main.obj : error LNK2019: unresolved external symbol "public: virtual __thiscall BaseC::~BaseC(void)" (??1BaseC@@UAE@XZ) referenced in function __unwindfunclet$??0BB@@QAE@H@Z$0
     1>main.obj : error LNK2019: unresolved external symbol "public: virtual __thiscall BB::~BB(void)" (??1BB@@UAE@XZ) referenced in function __unwindfunclet$??0MockBB@@QAE@XZ$0
     1>main.obj : error LNK2001: unresolved external symbol "class testing::internal::Mutex testing::internal::g_linked_ptr_mutex" (?g_linked_ptr_mutex@internal@testing@@3VMutex@12@A)
     1>main.obj : error LNK2001: unresolved external symbol "class testing::internal::Mutex testing::internal::g_gmock_mutex" (?g_gmock_mutex@internal@testing@@3VMutex@12@A)
     1>main.obj : error LNK2001: unresolved external symbol "class testing::internal::ThreadLocal<class testing::Sequence *> testing::internal::g_gmock_implicit_sequence" (?g_gmock_implicit_sequence@internal@testing@@3V?$ThreadLocal@PAVSequence@testing@@@12@A)
     1>C:\Users\lsnazer\Downloads\stuff\things\Testing\Debug\UnitTesting.exe : fatal error LNK1120: 41 unresolved externals
     1>Done Building Project "C:\Users\lsnazer\Downloads\stuff\things\Testing\UnitTesting\UnitTesting.vcxproj" (Build target(s)) -- FAILED.

Build FAILED.

Time Elapsed 00:00:03.68
